# JRE version: OpenJDK Runtime Environment (20.0+36) (build 20+36-2344)
# Java VM: OpenJDK 64-Bit Server VM (20+36-2344, mixed mode, emulated-client, sharing, tiered, compressed oops, compressed class ptrs, g1 gc, windows-amd64)
GC Precious Log:
 CardTable entry size: 512
 Card Set container configuration: InlinePtr #cards 4 size 8 Array Of Cards #cards 16 size 48 Howl #buckets 8 coarsen threshold 3686 Howl Bitmap #cards 512 size 80 coarsen threshold 460 Card regions per heap region 1 cards per card region 4096
 CPUs: 12 total, 12 available
 Memory: 15694M
 Large Page Support: Disabled
 NUMA Support: Disabled
 Compressed Oops: Enabled (Zero based)
 Heap Region Size: 2M
 Heap Min Capacity: 8M
 Heap Initial Capacity: 246M
 Heap Max Capacity: 3924M
 Pre-touch: Disabled
 Parallel Workers: 10
 Concurrent Workers: 3
 Concurrent Refinement Workers: 10
 Periodic GC: Disabled
Heap:
 garbage-first heap   total 83968K, used 41317K [0x000000070ac00000, 0x0000000800000000)
  region size 2048K, 6 young (12288K), 3 survivors (6144K)
 Metaspace       used 71513K, committed 72384K, reserved 1114112K
  class space    used 10198K, committed 10624K, reserved 1048576K
GC Heap History (20 events):
Event: 2.736 GC heap before
{Heap before GC invocations=4 (full 0):
 garbage-first heap   total 69632K, used 46660K [0x000000070ac00000, 0x0000000800000000)
  region size 2048K, 20 young (40960K), 4 survivors (8192K)
 Metaspace       used 23203K, committed 23552K, reserved 1114112K
  class space    used 3075K, committed 3200K, reserved 1048576K
}
Event: 2.743 GC heap after
{Heap after GC invocations=5 (full 0):
 garbage-first heap   total 69632K, used 15633K [0x000000070ac00000, 0x0000000800000000)
  region size 2048K, 2 young (4096K), 2 survivors (4096K)
 Metaspace       used 23203K, committed 23552K, reserved 1114112K
  class space    used 3075K, committed 3200K, reserved 1048576K
}
Event: 3.336 GC heap before
{Heap before GC invocations=5 (full 0):
 garbage-first heap   total 69632K, used 50449K [0x000000070ac00000, 0x0000000800000000)
  region size 2048K, 19 young (38912K), 2 survivors (4096K)
 Metaspace       used 27313K, committed 27776K, reserved 1114112K
  class space    used 3704K, committed 3968K, reserved 1048576K
}
Event: 3.343 GC heap after
{Heap after GC invocations=6 (full 0):
 garbage-first heap   total 69632K, used 18693K [0x000000070ac00000, 0x0000000800000000)
  region size 2048K, 3 young (6144K), 3 survivors (6144K)
 Metaspace       used 27313K, committed 27776K, reserved 1114112K
  class space    used 3704K, committed 3968K, reserved 1048576K
}
Event: 3.929 GC heap before
{Heap before GC invocations=6 (full 0):
 garbage-first heap   total 69632K, used 53509K [0x000000070ac00000, 0x0000000800000000)
  region size 2048K, 20 young (40960K), 3 survivors (6144K)
 Metaspace       used 32283K, committed 32896K, reserved 1114112K
  class space    used 4440K, committed 4736K, reserved 1048576K
}
Event: 3.938 GC heap after
{Heap after GC invocations=7 (full 0):
 garbage-first heap   total 69632K, used 21905K [0x000000070ac00000, 0x0000000800000000)
  region size 2048K, 3 young (6144K), 3 survivors (6144K)
 Metaspace       used 32283K, committed 32896K, reserved 1114112K
  class space    used 4440K, committed 4736K, reserved 1048576K
}
Event: 4.381 GC heap before
{Heap before GC invocations=7 (full 0):
 garbage-first heap   total 69632K, used 46481K [0x000000070ac00000, 0x0000000800000000)
  region size 2048K, 17 young (34816K), 3 survivors (6144K)
 Metaspace       used 35391K, committed 35968K, reserved 1114112K
  class space    used 4891K, committed 5184K, reserved 1048576K
}
Event: 4.385 GC heap after
{Heap after GC invocations=8 (full 0):
 garbage-first heap   total 83968K, used 23006K [0x000000070ac00000, 0x0000000800000000)
  region size 2048K, 1 young (2048K), 1 survivors (2048K)
 Metaspace       used 35391K, committed 35968K, reserved 1114112K
  class space    used 4891K, committed 5184K, reserved 1048576K
}
Event: 5.171 GC heap before
{Heap before GC invocations=9 (full 0):
 garbage-first heap   total 83968K, used 70110K [0x000000070ac00000, 0x0000000800000000)
  region size 2048K, 24 young (49152K), 1 survivors (2048K)
 Metaspace       used 45868K, committed 46464K, reserved 1114112K
  class space    used 6328K, committed 6592K, reserved 1048576K
}
Event: 5.174 GC heap after
{Heap after GC invocations=10 (full 0):
 garbage-first heap   total 83968K, used 25623K [0x000000070ac00000, 0x0000000800000000)
  region size 2048K, 3 young (6144K), 3 survivors (6144K)
 Metaspace       used 45868K, committed 46464K, reserved 1114112K
  class space    used 6328K, committed 6592K, reserved 1048576K
}
Event: 5.930 GC heap before
{Heap before GC invocations=10 (full 0):
 garbage-first heap   total 83968K, used 68631K [0x000000070ac00000, 0x0000000800000000)
  region size 2048K, 24 young (49152K), 3 survivors (6144K)
 Metaspace       used 56152K, committed 56768K, reserved 1114112K
  class space    used 7948K, committed 8192K, reserved 1048576K
}
Event: 5.934 GC heap after
{Heap after GC invocations=11 (full 0):
 garbage-first heap   total 83968K, used 26878K [0x000000070ac00000, 0x0000000800000000)
  region size 2048K, 3 young (6144K), 3 survivors (6144K)
 Metaspace       used 56152K, committed 56768K, reserved 1114112K
  class space    used 7948K, committed 8192K, reserved 1048576K
}
Event: 6.237 GC heap before
{Heap before GC invocations=11 (full 0):
 garbage-first heap   total 83968K, used 51454K [0x000000070ac00000, 0x0000000800000000)
  region size 2048K, 16 young (32768K), 3 survivors (6144K)
 Metaspace       used 59420K, committed 60096K, reserved 1114112K
  class space    used 8371K, committed 8704K, reserved 1048576K
}
Event: 6.242 GC heap after
{Heap after GC invocations=12 (full 0):
 garbage-first heap   total 83968K, used 28756K [0x000000070ac00000, 0x0000000800000000)
  region size 2048K, 2 young (4096K), 2 survivors (4096K)
 Metaspace       used 59420K, committed 60096K, reserved 1114112K
  class space    used 8371K, committed 8704K, reserved 1048576K
}
Event: 6.821 GC heap before
{Heap before GC invocations=13 (full 0):
 garbage-first heap   total 83968K, used 71764K [0x000000070ac00000, 0x0000000800000000)
  region size 2048K, 23 young (47104K), 2 survivors (4096K)
 Metaspace       used 62395K, committed 63104K, reserved 1114112K
  class space    used 8885K, committed 9216K, reserved 1048576K
}
Event: 6.825 GC heap after
{Heap after GC invocations=14 (full 0):
 garbage-first heap   total 83968K, used 31484K [0x000000070ac00000, 0x0000000800000000)
  region size 2048K, 3 young (6144K), 3 survivors (6144K)
 Metaspace       used 62395K, committed 63104K, reserved 1114112K
  class space    used 8885K, committed 9216K, reserved 1048576K
}
Event: 7.337 GC heap before
{Heap before GC invocations=14 (full 0):
 garbage-first heap   total 83968K, used 68348K [0x000000070ac00000, 0x0000000800000000)
  region size 2048K, 21 young (43008K), 3 survivors (6144K)
 Metaspace       used 64809K, committed 65600K, reserved 1114112K
  class space    used 9272K, committed 9600K, reserved 1048576K
}
Event: 7.341 GC heap after
{Heap after GC invocations=15 (full 0):
 garbage-first heap   total 83968K, used 34020K [0x000000070ac00000, 0x0000000800000000)
  region size 2048K, 3 young (6144K), 3 survivors (6144K)
 Metaspace       used 64809K, committed 65600K, reserved 1114112K
  class space    used 9272K, committed 9600K, reserved 1048576K
}
Event: 28.571 GC heap before
{Heap before GC invocations=15 (full 0):
 garbage-first heap   total 83968K, used 68836K [0x000000070ac00000, 0x0000000800000000)
  region size 2048K, 21 young (43008K), 3 survivors (6144K)
 Metaspace       used 71018K, committed 71872K, reserved 1114112K
  class space    used 10133K, committed 10496K, reserved 1048576K
}
Event: 28.576 GC heap after
{Heap after GC invocations=16 (full 0):
 garbage-first heap   total 83968K, used 37221K [0x000000070ac00000, 0x0000000800000000)
  region size 2048K, 3 young (6144K), 3 survivors (6144K)
 Metaspace       used 71018K, committed 71872K, reserved 1114112K
  class space    used 10133K, committed 10496K, reserved 1048576K
}

